2023-12-09 19:01:26,934 - GymJournalLogger - INFO - GymJournal instance created (main.py:16)
2023-12-09 19:01:26,935 - GymJournalLogger - INFO - Client added: John Doe (main.py:55)
2023-12-09 19:01:26,935 - GymJournalLogger - INFO - Client added: Jane Smith (main.py:55)
2023-12-09 19:01:26,935 - GymJournalLogger - INFO - Clients sorted by name (main.py:68)
2023-12-09 19:01:26,935 - GymJournalLogger - INFO - Clients sorted by name: (main.py:110)
2023-12-09 19:01:26,935 - GymJournalLogger - INFO - {'first_name': 'Jane', 'last_name': 'Smith', 'purchase_date': '2022-02-15', 'end_date': '2022-08-15', 'months': 6} (main.py:112)
2023-12-09 19:01:26,935 - GymJournalLogger - INFO - {'first_name': 'John', 'last_name': 'Doe', 'purchase_date': '2022-01-01', 'end_date': '2022-06-30', 'months': 6} (main.py:112)
2023-12-09 19:01:26,935 - GymJournalLogger - INFO - Clients sorted by months (main.py:72)
2023-12-09 19:01:26,935 - GymJournalLogger - INFO - Clients sorted by months: (main.py:115)
2023-12-09 19:01:26,936 - GymJournalLogger - INFO - {'first_name': 'Jane', 'last_name': 'Smith', 'purchase_date': '2022-02-15', 'end_date': '2022-08-15', 'months': 6} (main.py:117)
2023-12-09 19:01:26,936 - GymJournalLogger - INFO - {'first_name': 'John', 'last_name': 'Doe', 'purchase_date': '2022-01-01', 'end_date': '2022-06-30', 'months': 6} (main.py:117)
2023-12-09 19:01:26,936 - GymJournalLogger - INFO - Name changed from John Doe to Johnny Doe (main.py:23)
2023-12-09 19:01:26,936 - GymJournalLogger - INFO - Months changed for Jane Smith to 12 (main.py:32)
2023-12-09 19:01:26,936 - GymJournalLogger - INFO - Updated clients: (main.py:122)
2023-12-09 19:01:26,936 - GymJournalLogger - INFO - {'first_name': 'Jane', 'last_name': 'Smith', 'purchase_date': '2022-02-15', 'end_date': '2022-08-15', 'months': 12} (main.py:124)
2023-12-09 19:01:26,936 - GymJournalLogger - INFO - {'first_name': 'Johnny', 'last_name': 'Doe', 'purchase_date': '2022-01-01', 'end_date': '2022-06-30', 'months': 6} (main.py:124)
2023-12-09 19:01:26,937 - GymJournalLogger - INFO - Clients written to CSV file: clients.csv (main.py:98)
2023-12-09 19:01:26,937 - GymJournalLogger - INFO - GymJournal instance created (main.py:16)
2023-12-09 19:01:26,937 - GymJournalLogger - INFO - Clients read from CSV file: clients.csv (main.py:80)
2023-12-09 19:01:26,937 - GymJournalLogger - INFO - Clients read from csv: (main.py:131)
2023-12-09 19:01:26,937 - GymJournalLogger - INFO - {'first_name': 'Jane', 'last_name': 'Smith', 'purchase_date': '2022-02-15', 'end_date': '2022-08-15', 'months': '12'} (main.py:133)
2023-12-09 19:01:26,937 - GymJournalLogger - INFO - {'first_name': 'Johnny', 'last_name': 'Doe', 'purchase_date': '2022-01-01', 'end_date': '2022-06-30', 'months': '6'} (main.py:133)
